<?xml version="1.0" encoding="UTF-8"?>
<!-- Generated by org.testng.reporters.JUnitReportReporter -->
<testsuite hostname="OM-PC" name="com.framework.test.expences.CreateExpenceReport" tests="1" failures="0" timestamp="18 Sep 2017 07:55:13 GMT" time="49.141" errors="0">
  <testcase name="newReportUsingBillabletoClient" time="49.141" classname="com.framework.test.expences.CreateExpenceReport"/>
</testsuite> <!-- com.framework.test.expences.CreateExpenceReport -->
